[ 2019-03-25T11:24:35+08:00 ] 127.0.0.1 /SoaProject/
INFO: [ app_init ] --START--
INFO: Run Behavior\BuildLiteBehavior [ RunTime:0.000025s ]
INFO: [ app_init ] --END-- [ RunTime:0.000767s ]
INFO: [ app_begin ] --START--
INFO: Run Behavior\ReadHtmlCacheBehavior [ RunTime:0.000642s ]
INFO: [ app_begin ] --END-- [ RunTime:0.000666s ]
ERR: 模板不存在:./Application/Home/View/Index/index.html

[ 2019-03-25T16:57:35+08:00 ] 127.0.0.1 /SoaProject/index.php/Home/User/Login
INFO: [ app_init ] --START--
INFO: Run Behavior\BuildLiteBehavior [ RunTime:0.000016s ]
INFO: [ app_init ] --END-- [ RunTime:0.000275s ]
INFO: [ app_begin ] --START--
INFO: Run Behavior\ReadHtmlCacheBehavior [ RunTime:0.000305s ]
INFO: [ app_begin ] --END-- [ RunTime:0.000323s ]
INFO: [ view_parse ] --START--
INFO: [ template_filter ] --START--
INFO: Run Behavior\ContentReplaceBehavior [ RunTime:0.000029s ]
INFO: [ template_filter ] --END-- [ RunTime:0.000072s ]
NOTIC: [8] Use of undefined constant ViewItem - assumed 'ViewItem' /Users/ark/code_file/php/SoaProject/Application/Runtime/Cache/Home/88973628a6a25c3694324e868348fcd1.php 第 153 行.
NOTIC: [8] Use of undefined constant index - assumed 'index' /Users/ark/code_file/php/SoaProject/Application/Runtime/Cache/Home/88973628a6a25c3694324e868348fcd1.php 第 153 行.
NOTIC: [2] A non-numeric value encountered /Users/ark/code_file/php/SoaProject/Application/Runtime/Cache/Home/88973628a6a25c3694324e868348fcd1.php 第 153 行.
NOTIC: [2] A non-numeric value encountered /Users/ark/code_file/php/SoaProject/Application/Runtime/Cache/Home/88973628a6a25c3694324e868348fcd1.php 第 153 行.
NOTIC: [2] Division by zero /Users/ark/code_file/php/SoaProject/Application/Runtime/Cache/Home/88973628a6a25c3694324e868348fcd1.php 第 153 行.
INFO: Run Behavior\ParseTemplateBehavior [ RunTime:0.008973s ]
INFO: [ view_parse ] --END-- [ RunTime:0.009007s ]
INFO: [ view_filter ] --START--
INFO: Run Behavior\WriteHtmlCacheBehavior [ RunTime:0.000263s ]
INFO: [ view_filter ] --END-- [ RunTime:0.000284s ]
INFO: [ app_end ] --START--
INFO: Run Behavior\ShowPageTraceBehavior [ RunTime:0.000457s ]
INFO: [ app_end ] --END-- [ RunTime:0.000480s ]

[ 2019-03-25T16:57:47+08:00 ] 127.0.0.1 /SoaProject/index.php/Home/ViewItem
INFO: [ app_init ] --START--
INFO: Run Behavior\BuildLiteBehavior [ RunTime:0.000016s ]
INFO: [ app_init ] --END-- [ RunTime:0.000276s ]
INFO: [ app_begin ] --START--
INFO: Run Behavior\ReadHtmlCacheBehavior [ RunTime:0.000293s ]
INFO: [ app_begin ] --END-- [ RunTime:0.000314s ]
INFO: [ view_parse ] --START--
INFO: [ template_filter ] --START--
INFO: Run Behavior\ContentReplaceBehavior [ RunTime:0.000038s ]
INFO: [ template_filter ] --END-- [ RunTime:0.000078s ]
INFO: Run Behavior\ParseTemplateBehavior [ RunTime:0.006228s ]
INFO: [ view_parse ] --END-- [ RunTime:0.006250s ]
INFO: [ view_filter ] --START--
INFO: Run Behavior\WriteHtmlCacheBehavior [ RunTime:0.000131s ]
INFO: [ view_filter ] --END-- [ RunTime:0.000150s ]
INFO: [ app_end ] --START--
INFO: Run Behavior\ShowPageTraceBehavior [ RunTime:0.000389s ]
INFO: [ app_end ] --END-- [ RunTime:0.000405s ]

[ 2019-03-25T16:58:02+08:00 ] 127.0.0.1 /SoaProject/index.php/Home/ViewItem/detail.html
INFO: [ app_init ] --START--
INFO: Run Behavior\BuildLiteBehavior [ RunTime:0.000013s ]
INFO: [ app_init ] --END-- [ RunTime:0.000276s ]
INFO: [ app_begin ] --START--
INFO: Run Behavior\ReadHtmlCacheBehavior [ RunTime:0.000276s ]
INFO: [ app_begin ] --END-- [ RunTime:0.000292s ]
INFO: [ view_parse ] --START--
INFO: [ template_filter ] --START--
INFO: Run Behavior\ContentReplaceBehavior [ RunTime:0.000034s ]
INFO: [ template_filter ] --END-- [ RunTime:0.000051s ]
INFO: Run Behavior\ParseTemplateBehavior [ RunTime:0.005516s ]
INFO: [ view_parse ] --END-- [ RunTime:0.005532s ]
INFO: [ view_filter ] --START--
INFO: Run Behavior\WriteHtmlCacheBehavior [ RunTime:0.000092s ]
INFO: [ view_filter ] --END-- [ RunTime:0.000102s ]
INFO: [ app_end ] --START--
INFO: Run Behavior\ShowPageTraceBehavior [ RunTime:0.000375s ]
INFO: [ app_end ] --END-- [ RunTime:0.000389s ]

[ 2019-03-25T16:58:22+08:00 ] 127.0.0.1 /SoaProject/index.php/Home/ViewItem/index.html
INFO: [ app_init ] --START--
INFO: Run Behavior\BuildLiteBehavior [ RunTime:0.000014s ]
INFO: [ app_init ] --END-- [ RunTime:0.000365s ]
INFO: [ app_begin ] --START--
INFO: Run Behavior\ReadHtmlCacheBehavior [ RunTime:0.000275s ]
INFO: [ app_begin ] --END-- [ RunTime:0.000291s ]
INFO: [ view_parse ] --START--
INFO: [ template_filter ] --START--
INFO: Run Behavior\ContentReplaceBehavior [ RunTime:0.000036s ]
INFO: [ template_filter ] --END-- [ RunTime:0.000056s ]
INFO: Run Behavior\ParseTemplateBehavior [ RunTime:0.005095s ]
INFO: [ view_parse ] --END-- [ RunTime:0.005112s ]
INFO: [ view_filter ] --START--
INFO: Run Behavior\WriteHtmlCacheBehavior [ RunTime:0.000110s ]
INFO: [ view_filter ] --END-- [ RunTime:0.000121s ]
INFO: [ app_end ] --START--
INFO: Run Behavior\ShowPageTraceBehavior [ RunTime:0.000353s ]
INFO: [ app_end ] --END-- [ RunTime:0.000373s ]

[ 2019-03-25T16:58:29+08:00 ] 127.0.0.1 /SoaProject/index.php/Home/ViewItem/detail.html
INFO: [ app_init ] --START--
INFO: Run Behavior\BuildLiteBehavior [ RunTime:0.000007s ]
INFO: [ app_init ] --END-- [ RunTime:0.000184s ]
INFO: [ app_begin ] --START--
INFO: Run Behavior\ReadHtmlCacheBehavior [ RunTime:0.000318s ]
INFO: [ app_begin ] --END-- [ RunTime:0.000340s ]
INFO: [ view_parse ] --START--
INFO: [ template_filter ] --START--
INFO: Run Behavior\ContentReplaceBehavior [ RunTime:0.000034s ]
INFO: [ template_filter ] --END-- [ RunTime:0.000055s ]
INFO: Run Behavior\ParseTemplateBehavior [ RunTime:0.003888s ]
INFO: [ view_parse ] --END-- [ RunTime:0.003905s ]
INFO: [ view_filter ] --START--
INFO: Run Behavior\WriteHtmlCacheBehavior [ RunTime:0.000098s ]
INFO: [ view_filter ] --END-- [ RunTime:0.000109s ]
INFO: [ app_end ] --START--
INFO: Run Behavior\ShowPageTraceBehavior [ RunTime:0.000279s ]
INFO: [ app_end ] --END-- [ RunTime:0.000291s ]

[ 2019-03-25T16:58:35+08:00 ] 127.0.0.1 /SoaProject/index.php/Home/User/Login.html
INFO: [ app_init ] --START--
INFO: Run Behavior\BuildLiteBehavior [ RunTime:0.000007s ]
INFO: [ app_init ] --END-- [ RunTime:0.000243s ]
INFO: [ app_begin ] --START--
INFO: Run Behavior\ReadHtmlCacheBehavior [ RunTime:0.000233s ]
INFO: [ app_begin ] --END-- [ RunTime:0.000248s ]
INFO: [ view_parse ] --START--
INFO: [ template_filter ] --START--
INFO: Run Behavior\ContentReplaceBehavior [ RunTime:0.000026s ]
INFO: [ template_filter ] --END-- [ RunTime:0.000048s ]
NOTIC: [8] Use of undefined constant ViewItem - assumed 'ViewItem' /Users/ark/code_file/php/SoaProject/Application/Runtime/Cache/Home/88973628a6a25c3694324e868348fcd1.php 第 153 行.
NOTIC: [8] Use of undefined constant index - assumed 'index' /Users/ark/code_file/php/SoaProject/Application/Runtime/Cache/Home/88973628a6a25c3694324e868348fcd1.php 第 153 行.
NOTIC: [2] A non-numeric value encountered /Users/ark/code_file/php/SoaProject/Application/Runtime/Cache/Home/88973628a6a25c3694324e868348fcd1.php 第 153 行.
NOTIC: [2] A non-numeric value encountered /Users/ark/code_file/php/SoaProject/Application/Runtime/Cache/Home/88973628a6a25c3694324e868348fcd1.php 第 153 行.
NOTIC: [2] Division by zero /Users/ark/code_file/php/SoaProject/Application/Runtime/Cache/Home/88973628a6a25c3694324e868348fcd1.php 第 153 行.
INFO: Run Behavior\ParseTemplateBehavior [ RunTime:0.003679s ]
INFO: [ view_parse ] --END-- [ RunTime:0.003693s ]
INFO: [ view_filter ] --START--
INFO: Run Behavior\WriteHtmlCacheBehavior [ RunTime:0.000102s ]
INFO: [ view_filter ] --END-- [ RunTime:0.000112s ]
INFO: [ app_end ] --START--
INFO: Run Behavior\ShowPageTraceBehavior [ RunTime:0.000273s ]
INFO: [ app_end ] --END-- [ RunTime:0.000285s ]

[ 2019-03-25T16:58:38+08:00 ] 127.0.0.1 /SoaProject/index.php/Home/User/Login.html
INFO: [ app_init ] --START--
INFO: Run Behavior\BuildLiteBehavior [ RunTime:0.000006s ]
INFO: [ app_init ] --END-- [ RunTime:0.000169s ]
INFO: [ app_begin ] --START--
INFO: Run Behavior\ReadHtmlCacheBehavior [ RunTime:0.000230s ]
INFO: [ app_begin ] --END-- [ RunTime:0.000248s ]
INFO: [ view_parse ] --START--
INFO: [ template_filter ] --START--
INFO: Run Behavior\ContentReplaceBehavior [ RunTime:0.000027s ]
INFO: [ template_filter ] --END-- [ RunTime:0.000051s ]
NOTIC: [8] Use of undefined constant ViewItem - assumed 'ViewItem' /Users/ark/code_file/php/SoaProject/Application/Runtime/Cache/Home/88973628a6a25c3694324e868348fcd1.php 第 153 行.
NOTIC: [8] Use of undefined constant index - assumed 'index' /Users/ark/code_file/php/SoaProject/Application/Runtime/Cache/Home/88973628a6a25c3694324e868348fcd1.php 第 153 行.
NOTIC: [2] A non-numeric value encountered /Users/ark/code_file/php/SoaProject/Application/Runtime/Cache/Home/88973628a6a25c3694324e868348fcd1.php 第 153 行.
NOTIC: [2] A non-numeric value encountered /Users/ark/code_file/php/SoaProject/Application/Runtime/Cache/Home/88973628a6a25c3694324e868348fcd1.php 第 153 行.
NOTIC: [2] Division by zero /Users/ark/code_file/php/SoaProject/Application/Runtime/Cache/Home/88973628a6a25c3694324e868348fcd1.php 第 153 行.
INFO: Run Behavior\ParseTemplateBehavior [ RunTime:0.003500s ]
INFO: [ view_parse ] --END-- [ RunTime:0.003512s ]
INFO: [ view_filter ] --START--
INFO: Run Behavior\WriteHtmlCacheBehavior [ RunTime:0.000094s ]
INFO: [ view_filter ] --END-- [ RunTime:0.000104s ]
INFO: [ app_end ] --START--
INFO: Run Behavior\ShowPageTraceBehavior [ RunTime:0.000252s ]
INFO: [ app_end ] --END-- [ RunTime:0.000264s ]

[ 2019-03-25T16:58:39+08:00 ] 127.0.0.1 /SoaProject/index.php/Home/ViewItem/my_order.html
INFO: [ app_init ] --START--
INFO: Run Behavior\BuildLiteBehavior [ RunTime:0.000007s ]
INFO: [ app_init ] --END-- [ RunTime:0.000184s ]
INFO: [ app_begin ] --START--
INFO: Run Behavior\ReadHtmlCacheBehavior [ RunTime:0.000235s ]
INFO: [ app_begin ] --END-- [ RunTime:0.000250s ]
INFO: [ view_parse ] --START--
INFO: [ template_filter ] --START--
INFO: Run Behavior\ContentReplaceBehavior [ RunTime:0.000027s ]
INFO: [ template_filter ] --END-- [ RunTime:0.000051s ]
INFO: Run Behavior\ParseTemplateBehavior [ RunTime:0.005095s ]
INFO: [ view_parse ] --END-- [ RunTime:0.005114s ]
INFO: [ view_filter ] --START--
INFO: Run Behavior\WriteHtmlCacheBehavior [ RunTime:0.000104s ]
INFO: [ view_filter ] --END-- [ RunTime:0.000115s ]
INFO: [ app_end ] --START--
INFO: Run Behavior\ShowPageTraceBehavior [ RunTime:0.000320s ]
INFO: [ app_end ] --END-- [ RunTime:0.000334s ]

[ 2019-03-25T16:58:45+08:00 ] 127.0.0.1 /SoaProject/index.php/Home/ViewItem/index.html
INFO: [ app_init ] --START--
INFO: Run Behavior\BuildLiteBehavior [ RunTime:0.000006s ]
INFO: [ app_init ] --END-- [ RunTime:0.000206s ]
INFO: [ app_begin ] --START--
INFO: Run Behavior\ReadHtmlCacheBehavior [ RunTime:0.000226s ]
INFO: [ app_begin ] --END-- [ RunTime:0.000244s ]
INFO: [ view_parse ] --START--
INFO: [ template_filter ] --START--
INFO: Run Behavior\ContentReplaceBehavior [ RunTime:0.000034s ]
INFO: [ template_filter ] --END-- [ RunTime:0.000052s ]
INFO: Run Behavior\ParseTemplateBehavior [ RunTime:0.003947s ]
INFO: [ view_parse ] --END-- [ RunTime:0.003966s ]
INFO: [ view_filter ] --START--
INFO: Run Behavior\WriteHtmlCacheBehavior [ RunTime:0.000087s ]
INFO: [ view_filter ] --END-- [ RunTime:0.000097s ]
INFO: [ app_end ] --START--
INFO: Run Behavior\ShowPageTraceBehavior [ RunTime:0.000244s ]
INFO: [ app_end ] --END-- [ RunTime:0.000256s ]

