[ 2019-05-21T07:56:32+08:00 ] 127.0.0.1 /SoaProject/index.php/Home/ViewItem/my_publication.html
INFO: [ app_init ] --START--
INFO: Run Behavior\BuildLiteBehavior [ RunTime:0.000006s ]
INFO: [ app_init ] --END-- [ RunTime:0.000334s ]
INFO: [ app_begin ] --START--
INFO: Run Behavior\ReadHtmlCacheBehavior [ RunTime:0.000559s ]
INFO: [ app_begin ] --END-- [ RunTime:0.000576s ]
SQL: SHOW COLUMNS FROM `think_show` [ RunTime:0.131633s ]
SQL: SELECT * FROM `think_show` WHERE `show_owner` = 1  [ RunTime:0.132155s ]
INFO: [ view_parse ] --START--
NOTIC: [8] Undefined offset: 1 /Users/ark/code_file/php/SoaProject/ThinkPHP/Library/Think/Template/TagLib/Cx.class.php 第 494 行.
INFO: [ template_filter ] --START--
INFO: Run Behavior\ContentReplaceBehavior [ RunTime:0.000097s ]
INFO: [ template_filter ] --END-- [ RunTime:0.000115s ]
NOTIC: [8] Undefined index: show- /Users/ark/code_file/php/SoaProject/Application/Runtime/Cache/Home/d3dc894f2a160745cc5f1aca9bc377d4.php 第 222 行.
NOTIC: [8] Undefined index: show- /Users/ark/code_file/php/SoaProject/Application/Runtime/Cache/Home/d3dc894f2a160745cc5f1aca9bc377d4.php 第 222 行.
NOTIC: [8] Undefined index: show- /Users/ark/code_file/php/SoaProject/Application/Runtime/Cache/Home/d3dc894f2a160745cc5f1aca9bc377d4.php 第 222 行.
NOTIC: [8] Undefined index: show- /Users/ark/code_file/php/SoaProject/Application/Runtime/Cache/Home/d3dc894f2a160745cc5f1aca9bc377d4.php 第 222 行.
NOTIC: [8] Undefined index: show- /Users/ark/code_file/php/SoaProject/Application/Runtime/Cache/Home/d3dc894f2a160745cc5f1aca9bc377d4.php 第 222 行.
INFO: Run Behavior\ParseTemplateBehavior [ RunTime:0.012045s ]
INFO: [ view_parse ] --END-- [ RunTime:0.012082s ]
INFO: [ view_filter ] --START--
INFO: Run Behavior\WriteHtmlCacheBehavior [ RunTime:0.000358s ]
INFO: [ view_filter ] --END-- [ RunTime:0.000383s ]
INFO: [ app_end ] --START--
INFO: Run Behavior\ShowPageTraceBehavior [ RunTime:0.000874s ]
INFO: [ app_end ] --END-- [ RunTime:0.000901s ]

[ 2019-05-21T08:20:04+08:00 ] 127.0.0.1 /SoaProject/index.php/Home/ViewItem/my_order.html
INFO: [ app_init ] --START--
INFO: Run Behavior\BuildLiteBehavior [ RunTime:0.000007s ]
INFO: [ app_init ] --END-- [ RunTime:0.000343s ]
INFO: [ app_begin ] --START--
INFO: Run Behavior\ReadHtmlCacheBehavior [ RunTime:0.000554s ]
INFO: [ app_begin ] --END-- [ RunTime:0.000573s ]
SQL: SHOW COLUMNS FROM `think_book_record` [ RunTime:0.131255s ]
SQL: SELECT * FROM `think_book_record` WHERE `user_id` = 1  [ RunTime:0.131304s ]
INFO: [ view_parse ] --START--
NOTIC: [8] Undefined offset: 1 /Users/ark/code_file/php/SoaProject/ThinkPHP/Library/Think/Template/TagLib/Cx.class.php 第 494 行.
INFO: [ template_filter ] --START--
INFO: Run Behavior\ContentReplaceBehavior [ RunTime:0.000088s ]
INFO: [ template_filter ] --END-- [ RunTime:0.000102s ]
INFO: Run Behavior\ParseTemplateBehavior [ RunTime:0.010150s ]
INFO: [ view_parse ] --END-- [ RunTime:0.010172s ]
INFO: [ view_filter ] --START--
INFO: Run Behavior\WriteHtmlCacheBehavior [ RunTime:0.000212s ]
INFO: [ view_filter ] --END-- [ RunTime:0.000230s ]
INFO: [ app_end ] --START--
INFO: Run Behavior\ShowPageTraceBehavior [ RunTime:0.000665s ]
INFO: [ app_end ] --END-- [ RunTime:0.000684s ]

[ 2019-05-21T08:20:07+08:00 ] 127.0.0.1 /SoaProject/index.php/Home/User/Profile.html
INFO: [ app_init ] --START--
INFO: Run Behavior\BuildLiteBehavior [ RunTime:0.000006s ]
INFO: [ app_init ] --END-- [ RunTime:0.000172s ]
INFO: [ app_begin ] --START--
INFO: Run Behavior\ReadHtmlCacheBehavior [ RunTime:0.000223s ]
INFO: [ app_begin ] --END-- [ RunTime:0.000238s ]
SQL: SHOW COLUMNS FROM `think_user` [ RunTime:0.135307s ]
SQL: SELECT * FROM `think_user` WHERE `id` = 1 LIMIT 1   [ RunTime:0.245402s ]
INFO: [ view_parse ] --START--
NOTIC: [8] Undefined offset: 1 /Users/ark/code_file/php/SoaProject/ThinkPHP/Library/Think/Template/TagLib/Cx.class.php 第 494 行.
INFO: [ template_filter ] --START--
INFO: Run Behavior\ContentReplaceBehavior [ RunTime:0.000098s ]
INFO: [ template_filter ] --END-- [ RunTime:0.000117s ]
INFO: Run Behavior\ParseTemplateBehavior [ RunTime:0.007747s ]
INFO: [ view_parse ] --END-- [ RunTime:0.007776s ]
INFO: [ view_filter ] --START--
INFO: Run Behavior\WriteHtmlCacheBehavior [ RunTime:0.000105s ]
INFO: [ view_filter ] --END-- [ RunTime:0.000117s ]
INFO: [ app_end ] --START--
INFO: Run Behavior\ShowPageTraceBehavior [ RunTime:0.000280s ]
INFO: [ app_end ] --END-- [ RunTime:0.000294s ]

[ 2019-05-21T08:20:19+08:00 ] 127.0.0.1 /SoaProject/index.php/Home/ViewItem/index.html
INFO: [ app_init ] --START--
INFO: Run Behavior\BuildLiteBehavior [ RunTime:0.000006s ]
INFO: [ app_init ] --END-- [ RunTime:0.000230s ]
INFO: [ app_begin ] --START--
INFO: Run Behavior\ReadHtmlCacheBehavior [ RunTime:0.000243s ]
INFO: [ app_begin ] --END-- [ RunTime:0.000260s ]
INFO: [ view_parse ] --START--
NOTIC: [8] Undefined offset: 1 /Users/ark/code_file/php/SoaProject/ThinkPHP/Library/Think/Template/TagLib/Cx.class.php 第 494 行.
INFO: [ template_filter ] --START--
INFO: Run Behavior\ContentReplaceBehavior [ RunTime:0.000120s ]
INFO: [ template_filter ] --END-- [ RunTime:0.000137s ]
INFO: Run Behavior\ParseTemplateBehavior [ RunTime:0.007885s ]
INFO: [ view_parse ] --END-- [ RunTime:0.007906s ]
INFO: [ view_filter ] --START--
INFO: Run Behavior\WriteHtmlCacheBehavior [ RunTime:0.000117s ]
INFO: [ view_filter ] --END-- [ RunTime:0.000129s ]
INFO: [ app_end ] --START--
INFO: Run Behavior\ShowPageTraceBehavior [ RunTime:0.000286s ]
INFO: [ app_end ] --END-- [ RunTime:0.000299s ]

[ 2019-05-21T08:20:20+08:00 ] 127.0.0.1 /SoaProject/index.php/Home/ViewItem/get_all_event.html
INFO: [ app_init ] --START--
INFO: Run Behavior\BuildLiteBehavior [ RunTime:0.000011s ]
INFO: [ app_init ] --END-- [ RunTime:0.000330s ]
INFO: [ app_begin ] --START--
INFO: Run Behavior\ReadHtmlCacheBehavior [ RunTime:0.000291s ]
INFO: [ app_begin ] --END-- [ RunTime:0.000318s ]
SQL: SHOW COLUMNS FROM `think_show` [ RunTime:0.132680s ]
SQL: SELECT * FROM `think_show`  [ RunTime:0.132173s ]
INFO: [ app_end ] --START--
INFO: Run Behavior\ShowPageTraceBehavior [ RunTime:0.000519s ]
INFO: [ app_end ] --END-- [ RunTime:0.000546s ]

[ 2019-05-21T08:20:38+08:00 ] 127.0.0.1 /SoaProject/index.php/Home/ViewItem/searchres.html?key_word=123
INFO: [ app_init ] --START--
INFO: Run Behavior\BuildLiteBehavior [ RunTime:0.000008s ]
INFO: [ app_init ] --END-- [ RunTime:0.000213s ]
INFO: [ app_begin ] --START--
INFO: Run Behavior\ReadHtmlCacheBehavior [ RunTime:0.000272s ]
INFO: [ app_begin ] --END-- [ RunTime:0.000293s ]
SQL: SHOW COLUMNS FROM `think_show` [ RunTime:0.132884s ]
SQL: SELECT * FROM `think_show` WHERE `show_name` LIKE '%123%'  [ RunTime:0.135361s ]
INFO: [ view_parse ] --START--
NOTIC: [8] Undefined offset: 1 /Users/ark/code_file/php/SoaProject/ThinkPHP/Library/Think/Template/TagLib/Cx.class.php 第 494 行.
INFO: [ template_filter ] --START--
INFO: Run Behavior\ContentReplaceBehavior [ RunTime:0.000132s ]
INFO: [ template_filter ] --END-- [ RunTime:0.000151s ]
INFO: Run Behavior\ParseTemplateBehavior [ RunTime:0.009914s ]
INFO: [ view_parse ] --END-- [ RunTime:0.009946s ]
INFO: [ view_filter ] --START--
INFO: Run Behavior\WriteHtmlCacheBehavior [ RunTime:0.000143s ]
INFO: [ view_filter ] --END-- [ RunTime:0.000159s ]
INFO: [ app_end ] --START--
INFO: Run Behavior\ShowPageTraceBehavior [ RunTime:0.000379s ]
INFO: [ app_end ] --END-- [ RunTime:0.000397s ]

[ 2019-05-21T08:20:40+08:00 ] 127.0.0.1 /SoaProject/index.php/Home/ViewItem/get_all_event.html
INFO: [ app_init ] --START--
INFO: Run Behavior\BuildLiteBehavior [ RunTime:0.000008s ]
INFO: [ app_init ] --END-- [ RunTime:0.000252s ]
INFO: [ app_begin ] --START--
INFO: Run Behavior\ReadHtmlCacheBehavior [ RunTime:0.000289s ]
INFO: [ app_begin ] --END-- [ RunTime:0.000333s ]
SQL: SHOW COLUMNS FROM `think_show` [ RunTime:0.150926s ]
SQL: SELECT * FROM `think_show`  [ RunTime:0.150234s ]
INFO: [ app_end ] --START--
INFO: Run Behavior\ShowPageTraceBehavior [ RunTime:0.000594s ]
INFO: [ app_end ] --END-- [ RunTime:0.000622s ]

[ 2019-05-21T08:20:45+08:00 ] 127.0.0.1 /SoaProject/index.php/Home/ViewItem/index.html
INFO: [ app_init ] --START--
INFO: Run Behavior\BuildLiteBehavior [ RunTime:0.000007s ]
INFO: [ app_init ] --END-- [ RunTime:0.000177s ]
INFO: [ app_begin ] --START--
INFO: Run Behavior\ReadHtmlCacheBehavior [ RunTime:0.000229s ]
INFO: [ app_begin ] --END-- [ RunTime:0.000244s ]
INFO: [ view_parse ] --START--
NOTIC: [8] Undefined offset: 1 /Users/ark/code_file/php/SoaProject/ThinkPHP/Library/Think/Template/TagLib/Cx.class.php 第 494 行.
INFO: [ template_filter ] --START--
INFO: Run Behavior\ContentReplaceBehavior [ RunTime:0.000117s ]
INFO: [ template_filter ] --END-- [ RunTime:0.000130s ]
INFO: Run Behavior\ParseTemplateBehavior [ RunTime:0.005777s ]
INFO: [ view_parse ] --END-- [ RunTime:0.005798s ]
INFO: [ view_filter ] --START--
INFO: Run Behavior\WriteHtmlCacheBehavior [ RunTime:0.000117s ]
INFO: [ view_filter ] --END-- [ RunTime:0.000131s ]
INFO: [ app_end ] --START--
INFO: Run Behavior\ShowPageTraceBehavior [ RunTime:0.000417s ]
INFO: [ app_end ] --END-- [ RunTime:0.000439s ]

[ 2019-05-21T08:20:46+08:00 ] 127.0.0.1 /SoaProject/index.php/Home/ViewItem/get_all_event.html
INFO: [ app_init ] --START--
INFO: Run Behavior\BuildLiteBehavior [ RunTime:0.000005s ]
INFO: [ app_init ] --END-- [ RunTime:0.000172s ]
INFO: [ app_begin ] --START--
INFO: Run Behavior\ReadHtmlCacheBehavior [ RunTime:0.000220s ]
INFO: [ app_begin ] --END-- [ RunTime:0.000236s ]
SQL: SHOW COLUMNS FROM `think_show` [ RunTime:0.132210s ]
SQL: SELECT * FROM `think_show`  [ RunTime:0.134108s ]
INFO: [ app_end ] --START--
INFO: Run Behavior\ShowPageTraceBehavior [ RunTime:0.000512s ]
INFO: [ app_end ] --END-- [ RunTime:0.000540s ]

[ 2019-05-21T08:20:48+08:00 ] 127.0.0.1 /SoaProject/index.php/Home/User/Register.html
INFO: [ app_init ] --START--
INFO: Run Behavior\BuildLiteBehavior [ RunTime:0.000007s ]
INFO: [ app_init ] --END-- [ RunTime:0.000189s ]
INFO: [ app_begin ] --START--
INFO: Run Behavior\ReadHtmlCacheBehavior [ RunTime:0.000250s ]
INFO: [ app_begin ] --END-- [ RunTime:0.000268s ]
INFO: [ view_parse ] --START--
NOTIC: [8] Undefined offset: 1 /Users/ark/code_file/php/SoaProject/ThinkPHP/Library/Think/Template/TagLib/Cx.class.php 第 494 行.
INFO: [ template_filter ] --START--
INFO: Run Behavior\ContentReplaceBehavior [ RunTime:0.000060s ]
INFO: [ template_filter ] --END-- [ RunTime:0.000078s ]
INFO: Run Behavior\ParseTemplateBehavior [ RunTime:0.005432s ]
INFO: [ view_parse ] --END-- [ RunTime:0.005452s ]
INFO: [ view_filter ] --START--
INFO: Run Behavior\WriteHtmlCacheBehavior [ RunTime:0.000101s ]
INFO: [ view_filter ] --END-- [ RunTime:0.000112s ]
INFO: [ app_end ] --START--
INFO: Run Behavior\ShowPageTraceBehavior [ RunTime:0.000269s ]
INFO: [ app_end ] --END-- [ RunTime:0.000283s ]

[ 2019-05-21T08:20:54+08:00 ] 127.0.0.1 /SoaProject/index.php/Home/User/Login.html
INFO: [ app_init ] --START--
INFO: Run Behavior\BuildLiteBehavior [ RunTime:0.000007s ]
INFO: [ app_init ] --END-- [ RunTime:0.000205s ]
INFO: [ app_begin ] --START--
INFO: Run Behavior\ReadHtmlCacheBehavior [ RunTime:0.000239s ]
INFO: [ app_begin ] --END-- [ RunTime:0.000254s ]
INFO: [ view_parse ] --START--
NOTIC: [8] Undefined offset: 1 /Users/ark/code_file/php/SoaProject/ThinkPHP/Library/Think/Template/TagLib/Cx.class.php 第 494 行.
INFO: [ template_filter ] --START--
INFO: Run Behavior\ContentReplaceBehavior [ RunTime:0.000070s ]
INFO: [ template_filter ] --END-- [ RunTime:0.000087s ]
INFO: Run Behavior\ParseTemplateBehavior [ RunTime:0.006250s ]
INFO: [ view_parse ] --END-- [ RunTime:0.006273s ]
INFO: [ view_filter ] --START--
INFO: Run Behavior\WriteHtmlCacheBehavior [ RunTime:0.000119s ]
INFO: [ view_filter ] --END-- [ RunTime:0.000131s ]
INFO: [ app_end ] --START--
INFO: Run Behavior\ShowPageTraceBehavior [ RunTime:0.000301s ]
INFO: [ app_end ] --END-- [ RunTime:0.000319s ]

[ 2019-05-21T08:20:56+08:00 ] 127.0.0.1 /SoaProject/index.php/Home/User/Login.html
INFO: [ app_init ] --START--
INFO: Run Behavior\BuildLiteBehavior [ RunTime:0.000005s ]
INFO: [ app_init ] --END-- [ RunTime:0.000163s ]
INFO: [ app_begin ] --START--
INFO: Run Behavior\ReadHtmlCacheBehavior [ RunTime:0.000214s ]
INFO: [ app_begin ] --END-- [ RunTime:0.000229s ]
SQL: SHOW COLUMNS FROM `think_user` [ RunTime:0.132692s ]
SQL: SELECT * FROM `think_user` WHERE `username` = '19951103' AND `password` = 'carryon1995' LIMIT 1   [ RunTime:0.131881s ]
INFO: [ app_end ] --START--
INFO: Run Behavior\ShowPageTraceBehavior [ RunTime:0.000698s ]
INFO: [ app_end ] --END-- [ RunTime:0.000748s ]

[ 2019-05-21T08:20:59+08:00 ] 127.0.0.1 /SoaProject/index.php/Home/User/Login.html
INFO: [ app_init ] --START--
INFO: Run Behavior\BuildLiteBehavior [ RunTime:0.000005s ]
INFO: [ app_init ] --END-- [ RunTime:0.000175s ]
INFO: [ app_begin ] --START--
INFO: Run Behavior\ReadHtmlCacheBehavior [ RunTime:0.000237s ]
INFO: [ app_begin ] --END-- [ RunTime:0.000253s ]
SQL: SHOW COLUMNS FROM `think_user` [ RunTime:0.131057s ]
SQL: SELECT * FROM `think_user` WHERE `username` = '19951103' AND `password` = 'carryon1995' LIMIT 1   [ RunTime:0.131333s ]
INFO: [ app_end ] --START--
INFO: Run Behavior\ShowPageTraceBehavior [ RunTime:0.000698s ]
INFO: [ app_end ] --END-- [ RunTime:0.000755s ]

[ 2019-05-21T08:21:03+08:00 ] 127.0.0.1 /SoaProject/index.php/Home/ViewItem/index.html
INFO: [ app_init ] --START--
INFO: Run Behavior\BuildLiteBehavior [ RunTime:0.000006s ]
INFO: [ app_init ] --END-- [ RunTime:0.000174s ]
INFO: [ app_begin ] --START--
INFO: Run Behavior\ReadHtmlCacheBehavior [ RunTime:0.000229s ]
INFO: [ app_begin ] --END-- [ RunTime:0.000245s ]
INFO: [ view_parse ] --START--
NOTIC: [8] Undefined offset: 1 /Users/ark/code_file/php/SoaProject/ThinkPHP/Library/Think/Template/TagLib/Cx.class.php 第 494 行.
INFO: [ template_filter ] --START--
INFO: Run Behavior\ContentReplaceBehavior [ RunTime:0.000130s ]
INFO: [ template_filter ] --END-- [ RunTime:0.000153s ]
INFO: Run Behavior\ParseTemplateBehavior [ RunTime:0.005188s ]
INFO: [ view_parse ] --END-- [ RunTime:0.005205s ]
INFO: [ view_filter ] --START--
INFO: Run Behavior\WriteHtmlCacheBehavior [ RunTime:0.000100s ]
INFO: [ view_filter ] --END-- [ RunTime:0.000111s ]
INFO: [ app_end ] --START--
INFO: Run Behavior\ShowPageTraceBehavior [ RunTime:0.000265s ]
INFO: [ app_end ] --END-- [ RunTime:0.000278s ]

[ 2019-05-21T08:21:04+08:00 ] 127.0.0.1 /SoaProject/index.php/Home/ViewItem/get_all_event.html
INFO: [ app_init ] --START--
INFO: Run Behavior\BuildLiteBehavior [ RunTime:0.000006s ]
INFO: [ app_init ] --END-- [ RunTime:0.000188s ]
INFO: [ app_begin ] --START--
INFO: Run Behavior\ReadHtmlCacheBehavior [ RunTime:0.000243s ]
INFO: [ app_begin ] --END-- [ RunTime:0.000259s ]
SQL: SHOW COLUMNS FROM `think_show` [ RunTime:0.143157s ]
SQL: SELECT * FROM `think_show`  [ RunTime:0.132724s ]
INFO: [ app_end ] --START--
INFO: Run Behavior\ShowPageTraceBehavior [ RunTime:0.000694s ]
INFO: [ app_end ] --END-- [ RunTime:0.000725s ]

[ 2019-05-21T08:21:10+08:00 ] 127.0.0.1 /SoaProject/index.php/Home/ViewItem/detail.html?id=17
INFO: [ app_init ] --START--
INFO: Run Behavior\BuildLiteBehavior [ RunTime:0.000007s ]
INFO: [ app_init ] --END-- [ RunTime:0.000201s ]
INFO: [ app_begin ] --START--
INFO: Run Behavior\ReadHtmlCacheBehavior [ RunTime:0.000257s ]
INFO: [ app_begin ] --END-- [ RunTime:0.000276s ]
SQL: SHOW COLUMNS FROM `think_show` [ RunTime:0.132052s ]
SQL: SELECT * FROM `think_show` WHERE `id` = 17 LIMIT 1   [ RunTime:0.131655s ]
SQL: SHOW COLUMNS FROM `think_show_ticket` [ RunTime:0.132662s ]
SQL: SELECT * FROM `think_show_ticket` WHERE `show_id` = 17  [ RunTime:0.134076s ]
INFO: [ view_parse ] --START--
NOTIC: [8] Undefined offset: 1 /Users/ark/code_file/php/SoaProject/ThinkPHP/Library/Think/Template/TagLib/Cx.class.php 第 494 行.
INFO: [ template_filter ] --START--
INFO: Run Behavior\ContentReplaceBehavior [ RunTime:0.000139s ]
INFO: [ template_filter ] --END-- [ RunTime:0.000160s ]
INFO: Run Behavior\ParseTemplateBehavior [ RunTime:0.008656s ]
INFO: [ view_parse ] --END-- [ RunTime:0.008679s ]
INFO: [ view_filter ] --START--
INFO: Run Behavior\WriteHtmlCacheBehavior [ RunTime:0.000118s ]
INFO: [ view_filter ] --END-- [ RunTime:0.000133s ]
INFO: [ app_end ] --START--
INFO: Run Behavior\ShowPageTraceBehavior [ RunTime:0.000344s ]
INFO: [ app_end ] --END-- [ RunTime:0.000362s ]

[ 2019-05-21T08:21:17+08:00 ] 127.0.0.1 /SoaProject/index.php/Home/ViewItem/booking.html
INFO: [ app_init ] --START--
INFO: Run Behavior\BuildLiteBehavior [ RunTime:0.000016s ]
INFO: [ app_init ] --END-- [ RunTime:0.000244s ]
INFO: [ app_begin ] --START--
INFO: Run Behavior\ReadHtmlCacheBehavior [ RunTime:0.000277s ]
INFO: [ app_begin ] --END-- [ RunTime:0.000298s ]
INFO: [ app_end ] --START--
INFO: Run Behavior\ShowPageTraceBehavior [ RunTime:0.000335s ]
INFO: [ app_end ] --END-- [ RunTime:0.000365s ]

[ 2019-05-21T08:21:20+08:00 ] 127.0.0.1 /SoaProject/index.php/Home/ViewItem/detail.html?id=17
INFO: [ app_init ] --START--
INFO: Run Behavior\BuildLiteBehavior [ RunTime:0.000006s ]
INFO: [ app_init ] --END-- [ RunTime:0.000175s ]
INFO: [ app_begin ] --START--
INFO: Run Behavior\ReadHtmlCacheBehavior [ RunTime:0.000226s ]
INFO: [ app_begin ] --END-- [ RunTime:0.000243s ]
SQL: SHOW COLUMNS FROM `think_show` [ RunTime:0.131673s ]
SQL: SELECT * FROM `think_show` WHERE `id` = 17 LIMIT 1   [ RunTime:0.130929s ]
SQL: SHOW COLUMNS FROM `think_show_ticket` [ RunTime:0.131025s ]
SQL: SELECT * FROM `think_show_ticket` WHERE `show_id` = 17  [ RunTime:0.131553s ]
INFO: [ view_parse ] --START--
NOTIC: [8] Undefined offset: 1 /Users/ark/code_file/php/SoaProject/ThinkPHP/Library/Think/Template/TagLib/Cx.class.php 第 494 行.
INFO: [ template_filter ] --START--
INFO: Run Behavior\ContentReplaceBehavior [ RunTime:0.000139s ]
INFO: [ template_filter ] --END-- [ RunTime:0.000157s ]
INFO: Run Behavior\ParseTemplateBehavior [ RunTime:0.008393s ]
INFO: [ view_parse ] --END-- [ RunTime:0.008420s ]
INFO: [ view_filter ] --START--
INFO: Run Behavior\WriteHtmlCacheBehavior [ RunTime:0.000115s ]
INFO: [ view_filter ] --END-- [ RunTime:0.000127s ]
INFO: [ app_end ] --START--
INFO: Run Behavior\ShowPageTraceBehavior [ RunTime:0.000300s ]
INFO: [ app_end ] --END-- [ RunTime:0.000317s ]

[ 2019-05-21T08:21:25+08:00 ] 127.0.0.1 /SoaProject/index.php/Home/ViewItem/booking.html
INFO: [ app_init ] --START--
INFO: Run Behavior\BuildLiteBehavior [ RunTime:0.000005s ]
INFO: [ app_init ] --END-- [ RunTime:0.000169s ]
INFO: [ app_begin ] --START--
INFO: Run Behavior\ReadHtmlCacheBehavior [ RunTime:0.000220s ]
INFO: [ app_begin ] --END-- [ RunTime:0.000235s ]
INFO: [ app_end ] --START--
INFO: Run Behavior\ShowPageTraceBehavior [ RunTime:0.000243s ]
INFO: [ app_end ] --END-- [ RunTime:0.000262s ]

[ 2019-05-21T08:21:28+08:00 ] 127.0.0.1 /SoaProject/index.php/Home/ViewItem/detail.html?id=17
INFO: [ app_init ] --START--
INFO: Run Behavior\BuildLiteBehavior [ RunTime:0.000006s ]
INFO: [ app_init ] --END-- [ RunTime:0.000173s ]
INFO: [ app_begin ] --START--
INFO: Run Behavior\ReadHtmlCacheBehavior [ RunTime:0.000225s ]
INFO: [ app_begin ] --END-- [ RunTime:0.000240s ]
SQL: SHOW COLUMNS FROM `think_show` [ RunTime:0.135926s ]
SQL: SELECT * FROM `think_show` WHERE `id` = 17 LIMIT 1   [ RunTime:0.142460s ]
SQL: SHOW COLUMNS FROM `think_show_ticket` [ RunTime:0.138676s ]
SQL: SELECT * FROM `think_show_ticket` WHERE `show_id` = 17  [ RunTime:0.136013s ]
INFO: [ view_parse ] --START--
NOTIC: [8] Undefined offset: 1 /Users/ark/code_file/php/SoaProject/ThinkPHP/Library/Think/Template/TagLib/Cx.class.php 第 494 行.
INFO: [ template_filter ] --START--
INFO: Run Behavior\ContentReplaceBehavior [ RunTime:0.000154s ]
INFO: [ template_filter ] --END-- [ RunTime:0.000170s ]
INFO: Run Behavior\ParseTemplateBehavior [ RunTime:0.007889s ]
INFO: [ view_parse ] --END-- [ RunTime:0.007913s ]
INFO: [ view_filter ] --START--
INFO: Run Behavior\WriteHtmlCacheBehavior [ RunTime:0.000098s ]
INFO: [ view_filter ] --END-- [ RunTime:0.000112s ]
INFO: [ app_end ] --START--
INFO: Run Behavior\ShowPageTraceBehavior [ RunTime:0.000356s ]
INFO: [ app_end ] --END-- [ RunTime:0.000370s ]

[ 2019-05-21T08:21:29+08:00 ] 127.0.0.1 /SoaProject/index.php/Home/User/Register.html
INFO: [ app_init ] --START--
INFO: Run Behavior\BuildLiteBehavior [ RunTime:0.000008s ]
INFO: [ app_init ] --END-- [ RunTime:0.000176s ]
INFO: [ app_begin ] --START--
INFO: Run Behavior\ReadHtmlCacheBehavior [ RunTime:0.000222s ]
INFO: [ app_begin ] --END-- [ RunTime:0.000238s ]
INFO: [ view_parse ] --START--
NOTIC: [8] Undefined offset: 1 /Users/ark/code_file/php/SoaProject/ThinkPHP/Library/Think/Template/TagLib/Cx.class.php 第 494 行.
INFO: [ template_filter ] --START--
INFO: Run Behavior\ContentReplaceBehavior [ RunTime:0.000061s ]
INFO: [ template_filter ] --END-- [ RunTime:0.000079s ]
INFO: Run Behavior\ParseTemplateBehavior [ RunTime:0.004106s ]
INFO: [ view_parse ] --END-- [ RunTime:0.004123s ]
INFO: [ view_filter ] --START--
INFO: Run Behavior\WriteHtmlCacheBehavior [ RunTime:0.000103s ]
INFO: [ view_filter ] --END-- [ RunTime:0.000114s ]
INFO: [ app_end ] --START--
INFO: Run Behavior\ShowPageTraceBehavior [ RunTime:0.000279s ]
INFO: [ app_end ] --END-- [ RunTime:0.000314s ]

[ 2019-05-21T14:03:38+08:00 ] 127.0.0.1 /SoaProject/index.php/Home/ViewItem/index.html
INFO: [ app_init ] --START--
INFO: Run Behavior\BuildLiteBehavior [ RunTime:0.000008s ]
INFO: [ app_init ] --END-- [ RunTime:0.000423s ]
INFO: [ app_begin ] --START--
INFO: Run Behavior\ReadHtmlCacheBehavior [ RunTime:0.000586s ]
INFO: [ app_begin ] --END-- [ RunTime:0.000606s ]
INFO: [ view_parse ] --START--
NOTIC: [8] Undefined offset: 1 /Users/ark/code_file/php/SoaProject/ThinkPHP/Library/Think/Template/TagLib/Cx.class.php 第 494 行.
INFO: [ template_filter ] --START--
INFO: Run Behavior\ContentReplaceBehavior [ RunTime:0.000121s ]
INFO: [ template_filter ] --END-- [ RunTime:0.000142s ]
INFO: Run Behavior\ParseTemplateBehavior [ RunTime:0.009573s ]
INFO: [ view_parse ] --END-- [ RunTime:0.009595s ]
INFO: [ view_filter ] --START--
INFO: Run Behavior\WriteHtmlCacheBehavior [ RunTime:0.000530s ]
INFO: [ view_filter ] --END-- [ RunTime:0.000546s ]
INFO: [ app_end ] --START--
INFO: Run Behavior\ShowPageTraceBehavior [ RunTime:0.000718s ]
INFO: [ app_end ] --END-- [ RunTime:0.000741s ]

[ 2019-05-21T14:03:40+08:00 ] 127.0.0.1 /SoaProject/index.php/Home/ViewItem/get_all_event.html
INFO: [ app_init ] --START--
INFO: Run Behavior\BuildLiteBehavior [ RunTime:0.000006s ]
INFO: [ app_init ] --END-- [ RunTime:0.000200s ]
INFO: [ app_begin ] --START--
INFO: Run Behavior\ReadHtmlCacheBehavior [ RunTime:0.000232s ]
INFO: [ app_begin ] --END-- [ RunTime:0.000245s ]
SQL: SHOW COLUMNS FROM `think_show` [ RunTime:0.200204s ]
SQL: SELECT * FROM `think_show`  [ RunTime:0.209558s ]
INFO: [ app_end ] --START--
INFO: Run Behavior\ShowPageTraceBehavior [ RunTime:0.000814s ]
INFO: [ app_end ] --END-- [ RunTime:0.000843s ]

[ 2019-05-21T14:03:47+08:00 ] 127.0.0.1 /SoaProject/index.php/Home/ViewItem/detail.html?id=19
INFO: [ app_init ] --START--
INFO: Run Behavior\BuildLiteBehavior [ RunTime:0.000007s ]
INFO: [ app_init ] --END-- [ RunTime:0.000193s ]
INFO: [ app_begin ] --START--
INFO: Run Behavior\ReadHtmlCacheBehavior [ RunTime:0.000239s ]
INFO: [ app_begin ] --END-- [ RunTime:0.000255s ]
SQL: SHOW COLUMNS FROM `think_show` [ RunTime:0.210800s ]
SQL: SELECT * FROM `think_show` WHERE `id` = 19 LIMIT 1   [ RunTime:0.200474s ]
SQL: SHOW COLUMNS FROM `think_show_ticket` [ RunTime:0.171857s ]
SQL: SELECT * FROM `think_show_ticket` WHERE `show_id` = 19  [ RunTime:0.168355s ]
INFO: [ view_parse ] --START--
NOTIC: [8] Undefined offset: 1 /Users/ark/code_file/php/SoaProject/ThinkPHP/Library/Think/Template/TagLib/Cx.class.php 第 494 行.
INFO: [ template_filter ] --START--
INFO: Run Behavior\ContentReplaceBehavior [ RunTime:0.000103s ]
INFO: [ template_filter ] --END-- [ RunTime:0.000120s ]
INFO: Run Behavior\ParseTemplateBehavior [ RunTime:0.010039s ]
INFO: [ view_parse ] --END-- [ RunTime:0.010061s ]
INFO: [ view_filter ] --START--
INFO: Run Behavior\WriteHtmlCacheBehavior [ RunTime:0.000120s ]
INFO: [ view_filter ] --END-- [ RunTime:0.000132s ]
INFO: [ app_end ] --START--
INFO: Run Behavior\ShowPageTraceBehavior [ RunTime:0.000387s ]
INFO: [ app_end ] --END-- [ RunTime:0.000401s ]

[ 2019-05-21T14:03:53+08:00 ] 127.0.0.1 /SoaProject/index.php/Home/ViewItem/booking.html
INFO: [ app_init ] --START--
INFO: Run Behavior\BuildLiteBehavior [ RunTime:0.000006s ]
INFO: [ app_init ] --END-- [ RunTime:0.000172s ]
INFO: [ app_begin ] --START--
INFO: Run Behavior\ReadHtmlCacheBehavior [ RunTime:0.000220s ]
INFO: [ app_begin ] --END-- [ RunTime:0.000235s ]
INFO: [ app_end ] --START--
INFO: Run Behavior\ShowPageTraceBehavior [ RunTime:0.000242s ]
INFO: [ app_end ] --END-- [ RunTime:0.000257s ]

[ 2019-05-21T14:03:56+08:00 ] 127.0.0.1 /SoaProject/index.php/Home/ViewItem/detail.html?id=19
INFO: [ app_init ] --START--
INFO: Run Behavior\BuildLiteBehavior [ RunTime:0.000014s ]
INFO: [ app_init ] --END-- [ RunTime:0.000245s ]
INFO: [ app_begin ] --START--
INFO: Run Behavior\ReadHtmlCacheBehavior [ RunTime:0.000250s ]
INFO: [ app_begin ] --END-- [ RunTime:0.000266s ]
SQL: SHOW COLUMNS FROM `think_show` [ RunTime:0.182763s ]
SQL: SELECT * FROM `think_show` WHERE `id` = 19 LIMIT 1   [ RunTime:0.194364s ]
SQL: SHOW COLUMNS FROM `think_show_ticket` [ RunTime:0.249834s ]
SQL: SELECT * FROM `think_show_ticket` WHERE `show_id` = 19  [ RunTime:0.316491s ]
INFO: [ view_parse ] --START--
NOTIC: [8] Undefined offset: 1 /Users/ark/code_file/php/SoaProject/ThinkPHP/Library/Think/Template/TagLib/Cx.class.php 第 494 行.
INFO: [ template_filter ] --START--
INFO: Run Behavior\ContentReplaceBehavior [ RunTime:0.000123s ]
INFO: [ template_filter ] --END-- [ RunTime:0.000142s ]
INFO: Run Behavior\ParseTemplateBehavior [ RunTime:0.009330s ]
INFO: [ view_parse ] --END-- [ RunTime:0.009355s ]
INFO: [ view_filter ] --START--
INFO: Run Behavior\WriteHtmlCacheBehavior [ RunTime:0.000125s ]
INFO: [ view_filter ] --END-- [ RunTime:0.000140s ]
INFO: [ app_end ] --START--
INFO: Run Behavior\ShowPageTraceBehavior [ RunTime:0.000360s ]
INFO: [ app_end ] --END-- [ RunTime:0.000380s ]

[ 2019-05-21T14:03:58+08:00 ] 127.0.0.1 /SoaProject/index.php/Home/ViewItem/detail.html?id=19
INFO: [ app_init ] --START--
INFO: Run Behavior\BuildLiteBehavior [ RunTime:0.000007s ]
INFO: [ app_init ] --END-- [ RunTime:0.000195s ]
INFO: [ app_begin ] --START--
INFO: Run Behavior\ReadHtmlCacheBehavior [ RunTime:0.000249s ]
INFO: [ app_begin ] --END-- [ RunTime:0.000266s ]
SQL: SHOW COLUMNS FROM `think_show` [ RunTime:0.189007s ]
SQL: SELECT * FROM `think_show` WHERE `id` = 19 LIMIT 1   [ RunTime:0.167373s ]
SQL: SHOW COLUMNS FROM `think_show_ticket` [ RunTime:0.183561s ]
SQL: SELECT * FROM `think_show_ticket` WHERE `show_id` = 19  [ RunTime:0.202977s ]
INFO: [ view_parse ] --START--
NOTIC: [8] Undefined offset: 1 /Users/ark/code_file/php/SoaProject/ThinkPHP/Library/Think/Template/TagLib/Cx.class.php 第 494 行.
INFO: [ template_filter ] --START--
INFO: Run Behavior\ContentReplaceBehavior [ RunTime:0.000103s ]
INFO: [ template_filter ] --END-- [ RunTime:0.000124s ]
INFO: Run Behavior\ParseTemplateBehavior [ RunTime:0.008293s ]
INFO: [ view_parse ] --END-- [ RunTime:0.008316s ]
INFO: [ view_filter ] --START--
INFO: Run Behavior\WriteHtmlCacheBehavior [ RunTime:0.000102s ]
INFO: [ view_filter ] --END-- [ RunTime:0.000113s ]
INFO: [ app_end ] --START--
INFO: Run Behavior\ShowPageTraceBehavior [ RunTime:0.000308s ]
INFO: [ app_end ] --END-- [ RunTime:0.000322s ]

[ 2019-05-21T14:04:01+08:00 ] 127.0.0.1 /SoaProject/index.php/Home/User/Login.html
INFO: [ app_init ] --START--
INFO: Run Behavior\BuildLiteBehavior [ RunTime:0.000008s ]
INFO: [ app_init ] --END-- [ RunTime:0.000209s ]
INFO: [ app_begin ] --START--
INFO: Run Behavior\ReadHtmlCacheBehavior [ RunTime:0.000262s ]
INFO: [ app_begin ] --END-- [ RunTime:0.000284s ]
INFO: [ view_parse ] --START--
NOTIC: [8] Undefined offset: 1 /Users/ark/code_file/php/SoaProject/ThinkPHP/Library/Think/Template/TagLib/Cx.class.php 第 494 行.
INFO: [ template_filter ] --START--
INFO: Run Behavior\ContentReplaceBehavior [ RunTime:0.000070s ]
INFO: [ template_filter ] --END-- [ RunTime:0.000087s ]
INFO: Run Behavior\ParseTemplateBehavior [ RunTime:0.005716s ]
INFO: [ view_parse ] --END-- [ RunTime:0.005739s ]
INFO: [ view_filter ] --START--
INFO: Run Behavior\WriteHtmlCacheBehavior [ RunTime:0.000101s ]
INFO: [ view_filter ] --END-- [ RunTime:0.000114s ]
INFO: [ app_end ] --START--
INFO: Run Behavior\ShowPageTraceBehavior [ RunTime:0.000280s ]
INFO: [ app_end ] --END-- [ RunTime:0.000297s ]

[ 2019-05-21T14:04:03+08:00 ] 127.0.0.1 /SoaProject/index.php/Home/User/Register.html
INFO: [ app_init ] --START--
INFO: Run Behavior\BuildLiteBehavior [ RunTime:0.000007s ]
INFO: [ app_init ] --END-- [ RunTime:0.000187s ]
INFO: [ app_begin ] --START--
INFO: Run Behavior\ReadHtmlCacheBehavior [ RunTime:0.000249s ]
INFO: [ app_begin ] --END-- [ RunTime:0.000268s ]
INFO: [ view_parse ] --START--
NOTIC: [8] Undefined offset: 1 /Users/ark/code_file/php/SoaProject/ThinkPHP/Library/Think/Template/TagLib/Cx.class.php 第 494 行.
INFO: [ template_filter ] --START--
INFO: Run Behavior\ContentReplaceBehavior [ RunTime:0.000062s ]
INFO: [ template_filter ] --END-- [ RunTime:0.000079s ]
INFO: Run Behavior\ParseTemplateBehavior [ RunTime:0.006740s ]
INFO: [ view_parse ] --END-- [ RunTime:0.006762s ]
INFO: [ view_filter ] --START--
INFO: Run Behavior\WriteHtmlCacheBehavior [ RunTime:0.000112s ]
INFO: [ view_filter ] --END-- [ RunTime:0.000126s ]
INFO: [ app_end ] --START--
INFO: Run Behavior\ShowPageTraceBehavior [ RunTime:0.000347s ]
INFO: [ app_end ] --END-- [ RunTime:0.000369s ]

[ 2019-05-21T14:04:13+08:00 ] 127.0.0.1 /SoaProject/index.php/Home/ViewItem/searchres.html?key_word=123
INFO: [ app_init ] --START--
INFO: Run Behavior\BuildLiteBehavior [ RunTime:0.000007s ]
INFO: [ app_init ] --END-- [ RunTime:0.000182s ]
INFO: [ app_begin ] --START--
INFO: Run Behavior\ReadHtmlCacheBehavior [ RunTime:0.000229s ]
INFO: [ app_begin ] --END-- [ RunTime:0.000245s ]
SQL: SHOW COLUMNS FROM `think_show` [ RunTime:0.160607s ]
SQL: SELECT * FROM `think_show` WHERE `show_name` LIKE '%123%'  [ RunTime:0.174848s ]
INFO: [ view_parse ] --START--
NOTIC: [8] Undefined offset: 1 /Users/ark/code_file/php/SoaProject/ThinkPHP/Library/Think/Template/TagLib/Cx.class.php 第 494 行.
INFO: [ template_filter ] --START--
INFO: Run Behavior\ContentReplaceBehavior [ RunTime:0.000132s ]
INFO: [ template_filter ] --END-- [ RunTime:0.000151s ]
INFO: Run Behavior\ParseTemplateBehavior [ RunTime:0.009941s ]
INFO: [ view_parse ] --END-- [ RunTime:0.009980s ]
INFO: [ view_filter ] --START--
INFO: Run Behavior\WriteHtmlCacheBehavior [ RunTime:0.000142s ]
INFO: [ view_filter ] --END-- [ RunTime:0.000158s ]
INFO: [ app_end ] --START--
INFO: Run Behavior\ShowPageTraceBehavior [ RunTime:0.000355s ]
INFO: [ app_end ] --END-- [ RunTime:0.000370s ]

[ 2019-05-21T14:04:20+08:00 ] 127.0.0.1 /SoaProject/index.php/Home/ViewItem/searchres.html?key_word=CCNU
INFO: [ app_init ] --START--
INFO: Run Behavior\BuildLiteBehavior [ RunTime:0.000006s ]
INFO: [ app_init ] --END-- [ RunTime:0.000246s ]
INFO: [ app_begin ] --START--
INFO: Run Behavior\ReadHtmlCacheBehavior [ RunTime:0.000301s ]
INFO: [ app_begin ] --END-- [ RunTime:0.000318s ]
SQL: SHOW COLUMNS FROM `think_show` [ RunTime:0.201654s ]
SQL: SELECT * FROM `think_show` WHERE `show_name` LIKE '%CCNU%'  [ RunTime:0.230365s ]
INFO: [ view_parse ] --START--
NOTIC: [8] Undefined offset: 1 /Users/ark/code_file/php/SoaProject/ThinkPHP/Library/Think/Template/TagLib/Cx.class.php 第 494 行.
INFO: [ template_filter ] --START--
INFO: Run Behavior\ContentReplaceBehavior [ RunTime:0.000140s ]
INFO: [ template_filter ] --END-- [ RunTime:0.000158s ]
INFO: Run Behavior\ParseTemplateBehavior [ RunTime:0.009302s ]
INFO: [ view_parse ] --END-- [ RunTime:0.009331s ]
INFO: [ view_filter ] --START--
INFO: Run Behavior\WriteHtmlCacheBehavior [ RunTime:0.000128s ]
INFO: [ view_filter ] --END-- [ RunTime:0.000144s ]
INFO: [ app_end ] --START--
INFO: Run Behavior\ShowPageTraceBehavior [ RunTime:0.000406s ]
INFO: [ app_end ] --END-- [ RunTime:0.000427s ]

[ 2019-05-21T14:04:30+08:00 ] 127.0.0.1 /SoaProject/index.php/Home/ViewItem/index.html
INFO: [ app_init ] --START--
INFO: Run Behavior\BuildLiteBehavior [ RunTime:0.000008s ]
INFO: [ app_init ] --END-- [ RunTime:0.000190s ]
INFO: [ app_begin ] --START--
INFO: Run Behavior\ReadHtmlCacheBehavior [ RunTime:0.000286s ]
INFO: [ app_begin ] --END-- [ RunTime:0.000310s ]
INFO: [ view_parse ] --START--
NOTIC: [8] Undefined offset: 1 /Users/ark/code_file/php/SoaProject/ThinkPHP/Library/Think/Template/TagLib/Cx.class.php 第 494 行.
INFO: [ template_filter ] --START--
INFO: Run Behavior\ContentReplaceBehavior [ RunTime:0.000120s ]
INFO: [ template_filter ] --END-- [ RunTime:0.000137s ]
INFO: Run Behavior\ParseTemplateBehavior [ RunTime:0.006476s ]
INFO: [ view_parse ] --END-- [ RunTime:0.006496s ]
INFO: [ view_filter ] --START--
INFO: Run Behavior\WriteHtmlCacheBehavior [ RunTime:0.000104s ]
INFO: [ view_filter ] --END-- [ RunTime:0.000116s ]
INFO: [ app_end ] --START--
INFO: Run Behavior\ShowPageTraceBehavior [ RunTime:0.000278s ]
INFO: [ app_end ] --END-- [ RunTime:0.000309s ]

[ 2019-05-21T14:04:32+08:00 ] 127.0.0.1 /SoaProject/index.php/Home/ViewItem/get_all_event.html
INFO: [ app_init ] --START--
INFO: Run Behavior\BuildLiteBehavior [ RunTime:0.000006s ]
INFO: [ app_init ] --END-- [ RunTime:0.000171s ]
INFO: [ app_begin ] --START--
INFO: Run Behavior\ReadHtmlCacheBehavior [ RunTime:0.000250s ]
INFO: [ app_begin ] --END-- [ RunTime:0.000270s ]
SQL: SHOW COLUMNS FROM `think_show` [ RunTime:0.197540s ]
SQL: SELECT * FROM `think_show`  [ RunTime:0.167896s ]
INFO: [ app_end ] --START--
INFO: Run Behavior\ShowPageTraceBehavior [ RunTime:0.000665s ]
INFO: [ app_end ] --END-- [ RunTime:0.000695s ]

